ISim log file
Running: ./isim.exe -tclbatch isim.tcl 
ISim P.20160913 (signature 0xfbc00daa)
WARNING: A WEBPACK license was found.
WARNING: Please use Xilinx License Configuration Manager to check out a full ISim license.
WARNING: ISim will run in Lite mode. Please refer to the ISim documentation for more information on the differences between the Lite and the Full version.
This is a Lite version of ISim.
Time resolution is 1 ps
# run all
Simulator is doing circuit initialization process.
 Block Memory Generator CORE Generator module loading initial data...
 Block Memory Generator data initialization complete.
Block Memory Generator CORE Generator module tb_openMSP430_fpga.dut.pmem_galinha.inst.\native_mem_module.blk_mem_gen_v7_3_inst  is using a behavioral model for simulation which will not precisely model memory collision behavior.
Block Memory Generator CORE Generator module tb_openMSP430_fpga.dut.dmem.inst.\native_mem_module.blk_mem_gen_v7_3_inst  is using a behavioral model for simulation which will not precisely model memory collision behavior.
000000xxxxxxxxxx
Finished circuit initialization process.
000000xx00000000
000000x000000000
================= START SIMULATION ==============
0000000000000000000000000000000000000000000000000000000000000000
0000000000000000
0000000100000000
> 0000000100000001
0000000100000001
> 0000000000000000
0000000100000000
xxxxxxxxxxxxxxxxxxxxxxxxxxxxxxxxxxxxxxxxxxxxxxxxxxxxxxxxxxxxxxxxxxxxxxxxxxxxxxxxxxxxxxxxxxxxxxxxxxxxxxxxxxxxxxxxxxxxxxxxxxxx0000
xxxxxxxxxxxxxxxxxxxxxxxxxxxxxxxxxxxxxxxxxxxxxxxxxxxxxxxxxxxxxxxxxxxxxxxxxxxxxxxxxxxxxxxxxxxxxxxxxxxxxxxxxxxxxxxxxxxxxxxx00010000
xxxxxxxxxxxxxxxxxxxxxxxxxxxxxxxxxxxxxxxxxxxxxxxxxxxxxxxxxxxxxxxxxxxxxxxxxxxxxxxxxxxxxxxxxxxxxxxxxxxxxxxxxxxxxxxxxxxx000200010000
xxxxxxxxxxxxxxxxxxxxxxxxxxxxxxxxxxxxxxxxxxxxxxxxxxxxxxxxxxxxxxxxxxxxxxxxxxxxxxxxxxxxxxxxxxxxxxxxxxxxxxxxxxxxxxxx0003000200010000
xxxxxxxxxxxxxxxxxxxxxxxxxxxxxxxxxxxxxxxxxxxxxxxxxxxxxxxxxxxxxxxxxxxxxxxxxxxxxxxxxxxxxxxxxxxxxxxxxxxxxxxxxxxx00040003000200010000
xxxxxxxxxxxxxxxxxxxxxxxxxxxxxxxxxxxxxxxxxxxxxxxxxxxxxxxxxxxxxxxxxxxxxxxxxxxxxxxxxxxxxxxxxxxxxxxxxxxxxxxx000500040003000200010000
xxxxxxxxxxxxxxxxxxxxxxxxxxxxxxxxxxxxxxxxxxxxxxxxxxxxxxxxxxxxxxxxxxxxxxxxxxxxxxxxxxxxxxxxxxxxxxxxxxxx0006000500040003000200010000
xxxxxxxxxxxxxxxxxxxxxxxxxxxxxxxxxxxxxxxxxxxxxxxxxxxxxxxxxxxxxxxxxxxxxxxxxxxxxxxxxxxxxxxxxxxxxxxx00070006000500040003000200010000
xxxxxxxxxxxxxxxxxxxxxxxxxxxxxxxxxxxxxxxxxxxxxxxxxxxxxxxxxxxxxxxxxxxxxxxxxxxxxxxxxxxxxxxxxxxx000800070006000500040003000200010000
xxxxxxxxxxxxxxxxxxxxxxxxxxxxxxxxxxxxxxxxxxxxxxxxxxxxxxxxxxxxxxxxxxxxxxxxxxxxxxxxxxxxxxxx0009000800070006000500040003000200010000
xxxxxxxxxxxxxxxxxxxxxxxxxxxxxxxxxxxxxxxxxxxxxxxxxxxxxxxxxxxxxxxxxxxxxxxxxxxxxxxxxxxx000a0009000800070006000500040003000200010000
xxxxxxxxxxxxxxxxxxxxxxxxxxxxxxxxxxxxxxxxxxxxxxxxxxxxxxxxxxxxxxxxxxxxxxxxxxxxxxxx000b000a0009000800070006000500040003000200010000
xxxxxxxxxxxxxxxxxxxxxxxxxxxxxxxxxxxxxxxxxxxxxxxxxxxxxxxxxxxxxxxxxxxxxxxxxxxx000c000b000a0009000800070006000500040003000200010000
xxxxxxxxxxxxxxxxxxxxxxxxxxxxxxxxxxxxxxxxxxxxxxxxxxxxxxxxxxxxxxxxxxxxxxxx000d000c000b000a0009000800070006000500040003000200010000
xxxxxxxxxxxxxxxxxxxxxxxxxxxxxxxxxxxxxxxxxxxxxxxxxxxxxxxxxxxxxxxxxxxx000e000d000c000b000a0009000800070006000500040003000200010000
xxxxxxxxxxxxxxxxxxxxxxxxxxxxxxxxxxxxxxxxxxxxxxxxxxxxxxxxxxxxxxxx000f000e000d000c000b000a0009000800070006000500040003000200010000
xxxxxxxxxxxxxxxxxxxxxxxxxxxxxxxxxxxxxxxxxxxxxxxxxxxxxxxxxxxx0010000f000e000d000c000b000a0009000800070006000500040003000200010000
xxxxxxxxxxxxxxxxxxxxxxxxxxxxxxxxxxxxxxxxxxxxxxxxxxxxxxxx00110010000f000e000d000c000b000a0009000800070006000500040003000200010000
xxxxxxxxxxxxxxxxxxxxxxxxxxxxxxxxxxxxxxxxxxxxxxxxxxxx001200110010000f000e000d000c000b000a0009000800070006000500040003000200010000
xxxxxxxxxxxxxxxxxxxxxxxxxxxxxxxxxxxxxxxxxxxxxxxx0013001200110010000f000e000d000c000b000a0009000800070006000500040003000200010000
xxxxxxxxxxxxxxxxxxxxxxxxxxxxxxxxxxxxxxxxxxxx00140013001200110010000f000e000d000c000b000a0009000800070006000500040003000200010000
xxxxxxxxxxxxxxxxxxxxxxxxxxxxxxxxxxxxxxxx001500140013001200110010000f000e000d000c000b000a0009000800070006000500040003000200010000
xxxxxxxxxxxxxxxxxxxxxxxxxxxxxxxxxxxx0016001500140013001200110010000f000e000d000c000b000a0009000800070006000500040003000200010000
xxxxxxxxxxxxxxxxxxxxxxxxxxxxxxxx00170016001500140013001200110010000f000e000d000c000b000a0009000800070006000500040003000200010000
xxxxxxxxxxxxxxxxxxxxxxxxxxxx001800170016001500140013001200110010000f000e000d000c000b000a0009000800070006000500040003000200010000
xxxxxxxxxxxxxxxxxxxxxxxx0019001800170016001500140013001200110010000f000e000d000c000b000a0009000800070006000500040003000200010000
xxxxxxxxxxxxxxxxxxxx001a0019001800170016001500140013001200110010000f000e000d000c000b000a0009000800070006000500040003000200010000
xxxxxxxxxxxxxxxx001b001a0019001800170016001500140013001200110010000f000e000d000c000b000a0009000800070006000500040003000200010000
xxxxxxxxxxxx001c001b001a0019001800170016001500140013001200110010000f000e000d000c000b000a0009000800070006000500040003000200010000
xxxxxxxx001d001c001b001a0019001800170016001500140013001200110010000f000e000d000c000b000a0009000800070006000500040003000200010000
xxxx001e001d001c001b001a0019001800170016001500140013001200110010000f000e000d000c000b000a0009000800070006000500040003000200010000
001f001e001d001c001b001a0019001800170016001500140013001200110010000f000e000d000c000b000a0009000800070006000500040003000200010000
> 0000101100001011
0000000100001011
6a09e667bb67ae853c6ef372a54ff53a510e527f9b05688c1f83d9ab5be0cd19
0000000000001011
3518089adcb1d5454911d6fdbccbfe499d3faf39f4a091f9ecca65af6614f3d1
0000001000001011
0000001100001011
6a09e667bb67ae853c6ef372a54ff53a510e527f9b05688c1f83d9ab5be0cd19
0000000100001011
0000000000001011
3518089adcb1d5454911d6fdbccbfe499d3faf39f4a091f9ecca65af6614f3d1
0000001000001011
0000001100001011
6a09e667bb67ae853c6ef372a54ff53a510e527f9b05688c1f83d9ab5be0cd19
0000000100001011
0000000000001011
3518089adcb1d5454911d6fdbccbfe499d3faf39f4a091f9ecca65af6614f3d1
0000001000001011
0000001100001011
6a09e667bb67ae853c6ef372a54ff53a510e527f9b05688c1f83d9ab5be0cd19
0000000100001011
0000000000001011
3518089adcb1d5454911d6fdbccbfe499d3faf39f4a091f9ecca65af6614f3d1
0000001000001011
0000001100001011
6a09e667bb67ae853c6ef372a54ff53a510e527f9b05688c1f83d9ab5be0cd19
0000000100001011
0000000000001011
3518089adcb1d5454911d6fdbccbfe499d3faf39f4a091f9ecca65af6614f3d1
0000001000001011
0000001100001011
6a09e667bb67ae853c6ef372a54ff53a510e527f9b05688c1f83d9ab5be0cd19
0000000100001011
0000000000001011
3518089adcb1d5454911d6fdbccbfe499d3faf39f4a091f9ecca65af6614f3d1
0000001000001011
0000001100001011
6a09e667bb67ae853c6ef372a54ff53a510e527f9b05688c1f83d9ab5be0cd19
0000000100001011
0000000000001011
3518089adcb1d5454911d6fdbccbfe499d3faf39f4a091f9ecca65af6614f3d1
0000001000001011
0000001100001011
6a09e667bb67ae853c6ef372a54ff53a510e527f9b05688c1f83d9ab5be0cd19
0000000100001011
0000000000001011
3518089adcb1d5454911d6fdbccbfe499d3faf39f4a091f9ecca65af6614f3d1
0000001000001011
0000001100001011
6a09e667bb67ae853c6ef372a54ff53a510e527f9b05688c1f83d9ab5be0cd19
0000000100001011
0000000000001011
3518089adcb1d5454911d6fdbccbfe499d3faf39f4a091f9ecca65af6614f3d1
0000001000001011
0000001100001011
6a09e667bb67ae853c6ef372a54ff53a510e527f9b05688c1f83d9ab5be0cd19
0000000100001011
0000000000001011
3518089adcb1d5454911d6fdbccbfe499d3faf39f4a091f9ecca65af6614f3d1
0000001000001011
0000001100001011
6a09e667bb67ae853c6ef372a54ff53a510e527f9b05688c1f83d9ab5be0cd19
0000000100001011
0000000000001011
3518089adcb1d5454911d6fdbccbfe499d3faf39f4a091f9ecca65af6614f3d1
0000001000001011
0000001100001011
6a09e667bb67ae853c6ef372a54ff53a510e527f9b05688c1f83d9ab5be0cd19
0000000100001011
0000000000001011
3518089adcb1d5454911d6fdbccbfe499d3faf39f4a091f9ecca65af6614f3d1
0000001000001011
0000001100001011
6a09e667bb67ae853c6ef372a54ff53a510e527f9b05688c1f83d9ab5be0cd19
0000000100001011
0000000000001011
3518089adcb1d5454911d6fdbccbfe499d3faf39f4a091f9ecca65af6614f3d1
0000001000001011
0000001100001011
6a09e667bb67ae853c6ef372a54ff53a510e527f9b05688c1f83d9ab5be0cd19
0000000100001011
0000000000001011
3518089adcb1d5454911d6fdbccbfe499d3faf39f4a091f9ecca65af6614f3d1
0000001000001011
0000001100001011
6a09e667bb67ae853c6ef372a54ff53a510e527f9b05688c1f83d9ab5be0cd19
0000000100001011
0000000000001011
3518089adcb1d5454911d6fdbccbfe499d3faf39f4a091f9ecca65af6614f3d1
0000001000001011
0000001100001011
6a09e667bb67ae853c6ef372a54ff53a510e527f9b05688c1f83d9ab5be0cd19
0000000100001011
0000000000001011
3518089adcb1d5454911d6fdbccbfe499d3faf39f4a091f9ecca65af6614f3d1
0000001000001011
0000001100001011
6a09e667bb67ae853c6ef372a54ff53a510e527f9b05688c1f83d9ab5be0cd19
0000000100001011
0000000000001011
3518089adcb1d5454911d6fdbccbfe499d3faf39f4a091f9ecca65af6614f3d1
0000001000001011
0000001100001011
6a09e667bb67ae853c6ef372a54ff53a510e527f9b05688c1f83d9ab5be0cd19
0000000100001011
0000000000001011
3518089adcb1d5454911d6fdbccbfe499d3faf39f4a091f9ecca65af6614f3d1
0000001000001011
0000001100001011
6a09e667bb67ae853c6ef372a54ff53a510e527f9b05688c1f83d9ab5be0cd19
0000000100001011
0000000000001011
3518089adcb1d5454911d6fdbccbfe499d3faf39f4a091f9ecca65af6614f3d1
0000001000001011
0000001100001011
6a09e667bb67ae853c6ef372a54ff53a510e527f9b05688c1f83d9ab5be0cd19
0000000100001011
0000000000001011
3518089adcb1d5454911d6fdbccbfe499d3faf39f4a091f9ecca65af6614f3d1
0000001000001011
0000001100001011
6a09e667bb67ae853c6ef372a54ff53a510e527f9b05688c1f83d9ab5be0cd19
0000000100001011
0000000000001011
3518089adcb1d5454911d6fdbccbfe499d3faf39f4a091f9ecca65af6614f3d1
0000001000001011
0000001100001011
6a09e667bb67ae853c6ef372a54ff53a510e527f9b05688c1f83d9ab5be0cd19
0000000100001011
0000000000001011
3518089adcb1d5454911d6fdbccbfe499d3faf39f4a091f9ecca65af6614f3d1
0000001000001011
0000001100001011
6a09e667bb67ae853c6ef372a54ff53a510e527f9b05688c1f83d9ab5be0cd19
0000000100001011
0000000000001011
3518089adcb1d5454911d6fdbccbfe499d3faf39f4a091f9ecca65af6614f3d1
0000001000001011
0000001100001011
6a09e667bb67ae853c6ef372a54ff53a510e527f9b05688c1f83d9ab5be0cd19
0000000100001011
0000000000001011
3518089adcb1d5454911d6fdbccbfe499d3faf39f4a091f9ecca65af6614f3d1
0000001000001011
0000001100001011
6a09e667bb67ae853c6ef372a54ff53a510e527f9b05688c1f83d9ab5be0cd19
0000000100001011
0000000000001011
3518089adcb1d5454911d6fdbccbfe499d3faf39f4a091f9ecca65af6614f3d1
0000001000001011
0000001100001011
6a09e667bb67ae853c6ef372a54ff53a510e527f9b05688c1f83d9ab5be0cd19
0000000100001011
0000000000001011
3518089adcb1d5454911d6fdbccbfe499d3faf39f4a091f9ecca65af6614f3d1
0000001000001011
0000001100001011
6a09e667bb67ae853c6ef372a54ff53a510e527f9b05688c1f83d9ab5be0cd19
0000000100001011
0000000000001011
3518089adcb1d5454911d6fdbccbfe499d3faf39f4a091f9ecca65af6614f3d1
0000001000001011
0000001100001011
6a09e667bb67ae853c6ef372a54ff53a510e527f9b05688c1f83d9ab5be0cd19
0000000100001011
0000000000001011
3518089adcb1d5454911d6fdbccbfe499d3faf39f4a091f9ecca65af6614f3d1
0000001000001011
0000001100001011
6a09e667bb67ae853c6ef372a54ff53a510e527f9b05688c1f83d9ab5be0cd19
0000000100001011
0000000000001011
3518089adcb1d5454911d6fdbccbfe499d3faf39f4a091f9ecca65af6614f3d1
0000001000001011
0000001100001011
6a09e667bb67ae853c6ef372a54ff53a510e527f9b05688c1f83d9ab5be0cd19
0000000100001011
0000000000001011
3518089adcb1d5454911d6fdbccbfe499d3faf39f4a091f9ecca65af6614f3d1
0000001000001011
0000001100001011
6a09e667bb67ae853c6ef372a54ff53a510e527f9b05688c1f83d9ab5be0cd19
0000000100001011
0000000000001011
3518089adcb1d5454911d6fdbccbfe499d3faf39f4a091f9ecca65af6614f3d1
0000001000001011
0000001100001011
6a09e667bb67ae853c6ef372a54ff53a510e527f9b05688c1f83d9ab5be0cd19
0000000100001011
0000000000001011
3518089adcb1d5454911d6fdbccbfe499d3faf39f4a091f9ecca65af6614f3d1
0000001000001011
0000001100001011
6a09e667bb67ae853c6ef372a54ff53a510e527f9b05688c1f83d9ab5be0cd19
0000000100001011
0000000000001011
3518089adcb1d5454911d6fdbccbfe499d3faf39f4a091f9ecca65af6614f3d1
0000001000001011
0000001100001011
6a09e667bb67ae853c6ef372a54ff53a510e527f9b05688c1f83d9ab5be0cd19
0000000100001011
0000000000001011
3518089adcb1d5454911d6fdbccbfe499d3faf39f4a091f9ecca65af6614f3d1
0000001000001011
0000001100001011
6a09e667bb67ae853c6ef372a54ff53a510e527f9b05688c1f83d9ab5be0cd19
0000000100001011
0000000000001011
3518089adcb1d5454911d6fdbccbfe499d3faf39f4a091f9ecca65af6614f3d1
0000001000001011
0000001100001011
6a09e667bb67ae853c6ef372a54ff53a510e527f9b05688c1f83d9ab5be0cd19
0000000100001011
0000000000001011
3518089adcb1d5454911d6fdbccbfe499d3faf39f4a091f9ecca65af6614f3d1
0000001000001011
0000001100001011
6a09e667bb67ae853c6ef372a54ff53a510e527f9b05688c1f83d9ab5be0cd19
0000000100001011
0000000000001011
3518089adcb1d5454911d6fdbccbfe499d3faf39f4a091f9ecca65af6614f3d1
0000001000001011
0000001100001011
6a09e667bb67ae853c6ef372a54ff53a510e527f9b05688c1f83d9ab5be0cd19
0000000100001011
0000000000001011
3518089adcb1d5454911d6fdbccbfe499d3faf39f4a091f9ecca65af6614f3d1
0000001000001011
0000001100001011
6a09e667bb67ae853c6ef372a54ff53a510e527f9b05688c1f83d9ab5be0cd19
0000000100001011
0000000000001011
3518089adcb1d5454911d6fdbccbfe499d3faf39f4a091f9ecca65af6614f3d1
0000001000001011
0000001100001011
6a09e667bb67ae853c6ef372a54ff53a510e527f9b05688c1f83d9ab5be0cd19
0000000100001011
0000000000001011
3518089adcb1d5454911d6fdbccbfe499d3faf39f4a091f9ecca65af6614f3d1
0000001000001011
0000001100001011
6a09e667bb67ae853c6ef372a54ff53a510e527f9b05688c1f83d9ab5be0cd19
0000000100001011
0000000000001011
3518089adcb1d5454911d6fdbccbfe499d3faf39f4a091f9ecca65af6614f3d1
0000001000001011
0000001100001011
6a09e667bb67ae853c6ef372a54ff53a510e527f9b05688c1f83d9ab5be0cd19
0000000100001011
0000000000001011
3518089adcb1d5454911d6fdbccbfe499d3faf39f4a091f9ecca65af6614f3d1
0000001000001011
0000001100001011
6a09e667bb67ae853c6ef372a54ff53a510e527f9b05688c1f83d9ab5be0cd19
0000000100001011
0000000000001011
3518089adcb1d5454911d6fdbccbfe499d3faf39f4a091f9ecca65af6614f3d1
0000001000001011
0000001100001011
6a09e667bb67ae853c6ef372a54ff53a510e527f9b05688c1f83d9ab5be0cd19
0000000100001011
0000000000001011
3518089adcb1d5454911d6fdbccbfe499d3faf39f4a091f9ecca65af6614f3d1
0000001000001011
0000001100001011
6a09e667bb67ae853c6ef372a54ff53a510e527f9b05688c1f83d9ab5be0cd19
0000000100001011
0000000000001011
3518089adcb1d5454911d6fdbccbfe499d3faf39f4a091f9ecca65af6614f3d1
0000001000001011
0000001100001011
6a09e667bb67ae853c6ef372a54ff53a510e527f9b05688c1f83d9ab5be0cd19
0000000100001011
0000000000001011
3518089adcb1d5454911d6fdbccbfe499d3faf39f4a091f9ecca65af6614f3d1
0000001000001011
0000001100001011
6a09e667bb67ae853c6ef372a54ff53a510e527f9b05688c1f83d9ab5be0cd19
0000000100001011
0000000000001011
3518089adcb1d5454911d6fdbccbfe499d3faf39f4a091f9ecca65af6614f3d1
0000001000001011
0000001100001011
6a09e667bb67ae853c6ef372a54ff53a510e527f9b05688c1f83d9ab5be0cd19
0000000100001011
0000000000001011
3518089adcb1d5454911d6fdbccbfe499d3faf39f4a091f9ecca65af6614f3d1
0000001000001011
0000001100001011
6a09e667bb67ae853c6ef372a54ff53a510e527f9b05688c1f83d9ab5be0cd19
0000000100001011
0000000000001011
3518089adcb1d5454911d6fdbccbfe499d3faf39f4a091f9ecca65af6614f3d1
0000001000001011
0000001100001011
6a09e667bb67ae853c6ef372a54ff53a510e527f9b05688c1f83d9ab5be0cd19
0000000100001011
0000000000001011
3518089adcb1d5454911d6fdbccbfe499d3faf39f4a091f9ecca65af6614f3d1
0000001000001011
0000001100001011
6a09e667bb67ae853c6ef372a54ff53a510e527f9b05688c1f83d9ab5be0cd19
0000000100001011
0000000000001011
3518089adcb1d5454911d6fdbccbfe499d3faf39f4a091f9ecca65af6614f3d1
0000001000001011
0000001100001011
6a09e667bb67ae853c6ef372a54ff53a510e527f9b05688c1f83d9ab5be0cd19
0000000100001011
0000000000001011
3518089adcb1d5454911d6fdbccbfe499d3faf39f4a091f9ecca65af6614f3d1
0000001000001011
0000001100001011
6a09e667bb67ae853c6ef372a54ff53a510e527f9b05688c1f83d9ab5be0cd19
0000000100001011
0000000000001011
3518089adcb1d5454911d6fdbccbfe499d3faf39f4a091f9ecca65af6614f3d1
0000001000001011
0000001100001011
6a09e667bb67ae853c6ef372a54ff53a510e527f9b05688c1f83d9ab5be0cd19
0000000100001011
0000000000001011
3518089adcb1d5454911d6fdbccbfe499d3faf39f4a091f9ecca65af6614f3d1
0000001000001011
0000001100001011
6a09e667bb67ae853c6ef372a54ff53a510e527f9b05688c1f83d9ab5be0cd19
0000000100001011
0000000000001011
3518089adcb1d5454911d6fdbccbfe499d3faf39f4a091f9ecca65af6614f3d1
0000001000001011
0000001100001011
6a09e667bb67ae853c6ef372a54ff53a510e527f9b05688c1f83d9ab5be0cd19
0000000100001011
0000000000001011
3518089adcb1d5454911d6fdbccbfe499d3faf39f4a091f9ecca65af6614f3d1
0000001000001011
0000001100001011
6a09e667bb67ae853c6ef372a54ff53a510e527f9b05688c1f83d9ab5be0cd19
0000000100001011
0000000000001011
3518089adcb1d5454911d6fdbccbfe499d3faf39f4a091f9ecca65af6614f3d1
0000001000001011
0000001100001011
6a09e667bb67ae853c6ef372a54ff53a510e527f9b05688c1f83d9ab5be0cd19
0000000100001011
0000000000001011
3518089adcb1d5454911d6fdbccbfe499d3faf39f4a091f9ecca65af6614f3d1
0000001000001011
0000001100001011
6a09e667bb67ae853c6ef372a54ff53a510e527f9b05688c1f83d9ab5be0cd19
0000000100001011
0000000000001011
3518089adcb1d5454911d6fdbccbfe499d3faf39f4a091f9ecca65af6614f3d1
0000001000001011
0000001100001011
6a09e667bb67ae853c6ef372a54ff53a510e527f9b05688c1f83d9ab5be0cd19
0000000100001011
0000000000001011
3518089adcb1d5454911d6fdbccbfe499d3faf39f4a091f9ecca65af6614f3d1
0000001000001011
0000001100001011
6a09e667bb67ae853c6ef372a54ff53a510e527f9b05688c1f83d9ab5be0cd19
0000000100001011
0000000000001011
3518089adcb1d5454911d6fdbccbfe499d3faf39f4a091f9ecca65af6614f3d1
0000001000001011
0000001100001011
6a09e667bb67ae853c6ef372a54ff53a510e527f9b05688c1f83d9ab5be0cd19
0000000100001011
0000000000001011
3518089adcb1d5454911d6fdbccbfe499d3faf39f4a091f9ecca65af6614f3d1
0000001000001011
0000001100001011
6a09e667bb67ae853c6ef372a54ff53a510e527f9b05688c1f83d9ab5be0cd19
0000000100001011
0000000000001011
3518089adcb1d5454911d6fdbccbfe499d3faf39f4a091f9ecca65af6614f3d1
0000001000001011
0000001100001011
6a09e667bb67ae853c6ef372a54ff53a510e527f9b05688c1f83d9ab5be0cd19
0000000100001011
0000000000001011
3518089adcb1d5454911d6fdbccbfe499d3faf39f4a091f9ecca65af6614f3d1
0000001000001011
0000001100001011
6a09e667bb67ae853c6ef372a54ff53a510e527f9b05688c1f83d9ab5be0cd19
0000000100001011
0000000000001011
3518089adcb1d5454911d6fdbccbfe499d3faf39f4a091f9ecca65af6614f3d1
0000001000001011
0000001100001011
6a09e667bb67ae853c6ef372a54ff53a510e527f9b05688c1f83d9ab5be0cd19
0000000100001011
0000000000001011
3518089adcb1d5454911d6fdbccbfe499d3faf39f4a091f9ecca65af6614f3d1
0000001000001011
0000001100001011
6a09e667bb67ae853c6ef372a54ff53a510e527f9b05688c1f83d9ab5be0cd19
0000000100001011
0000000000001011
3518089adcb1d5454911d6fdbccbfe499d3faf39f4a091f9ecca65af6614f3d1
0000001000001011
0000001100001011
6a09e667bb67ae853c6ef372a54ff53a510e527f9b05688c1f83d9ab5be0cd19
0000000100001011
0000000000001011
3518089adcb1d5454911d6fdbccbfe499d3faf39f4a091f9ecca65af6614f3d1
0000001000001011
0000001100001011
6a09e667bb67ae853c6ef372a54ff53a510e527f9b05688c1f83d9ab5be0cd19
0000000100001011
0000000000001011
3518089adcb1d5454911d6fdbccbfe499d3faf39f4a091f9ecca65af6614f3d1
0000001000001011
0000001100001011
6a09e667bb67ae853c6ef372a54ff53a510e527f9b05688c1f83d9ab5be0cd19
0000000100001011
0000000000001011
3518089adcb1d5454911d6fdbccbfe499d3faf39f4a091f9ecca65af6614f3d1
0000001000001011
0000001100001011
6a09e667bb67ae853c6ef372a54ff53a510e527f9b05688c1f83d9ab5be0cd19
0000000100001011
0000000000001011
3518089adcb1d5454911d6fdbccbfe499d3faf39f4a091f9ecca65af6614f3d1
0000001000001011
0000001100001011
6a09e667bb67ae853c6ef372a54ff53a510e527f9b05688c1f83d9ab5be0cd19
0000000100001011
0000000000001011
3518089adcb1d5454911d6fdbccbfe499d3faf39f4a091f9ecca65af6614f3d1
0000001000001011
0000001100001011
6a09e667bb67ae853c6ef372a54ff53a510e527f9b05688c1f83d9ab5be0cd19
0000000100001011
0000000000001011
3518089adcb1d5454911d6fdbccbfe499d3faf39f4a091f9ecca65af6614f3d1
0000001000001011
0000001100001011
6a09e667bb67ae853c6ef372a54ff53a510e527f9b05688c1f83d9ab5be0cd19
0000000100001011
0000000000001011
3518089adcb1d5454911d6fdbccbfe499d3faf39f4a091f9ecca65af6614f3d1
0000001000001011
0000001100001011
6a09e667bb67ae853c6ef372a54ff53a510e527f9b05688c1f83d9ab5be0cd19
0000000100001011
0000000000001011
3518089adcb1d5454911d6fdbccbfe499d3faf39f4a091f9ecca65af6614f3d1
0000001000001011
0000001100001011
6a09e667bb67ae853c6ef372a54ff53a510e527f9b05688c1f83d9ab5be0cd19
0000000100001011
0000000000001011
3518089adcb1d5454911d6fdbccbfe499d3faf39f4a091f9ecca65af6614f3d1
0000001000001011
0000001100001011
6a09e667bb67ae853c6ef372a54ff53a510e527f9b05688c1f83d9ab5be0cd19
0000000100001011
0000000000001011
3518089adcb1d5454911d6fdbccbfe499d3faf39f4a091f9ecca65af6614f3d1
0000001000001011
0000001100001011
6a09e667bb67ae853c6ef372a54ff53a510e527f9b05688c1f83d9ab5be0cd19
0000000100001011
0000000000001011
3518089adcb1d5454911d6fdbccbfe499d3faf39f4a091f9ecca65af6614f3d1
0000001000001011
0000001100001011
6a09e667bb67ae853c6ef372a54ff53a510e527f9b05688c1f83d9ab5be0cd19
0000000100001011
0000000000001011
3518089adcb1d5454911d6fdbccbfe499d3faf39f4a091f9ecca65af6614f3d1
0000001000001011
0000001100001011
6a09e667bb67ae853c6ef372a54ff53a510e527f9b05688c1f83d9ab5be0cd19
0000000100001011
0000000000001011
3518089adcb1d5454911d6fdbccbfe499d3faf39f4a091f9ecca65af6614f3d1
0000001000001011
0000001100001011
6a09e667bb67ae853c6ef372a54ff53a510e527f9b05688c1f83d9ab5be0cd19
0000000100001011
0000000000001011
3518089adcb1d5454911d6fdbccbfe499d3faf39f4a091f9ecca65af6614f3d1
0000001000001011
0000001100001011
6a09e667bb67ae853c6ef372a54ff53a510e527f9b05688c1f83d9ab5be0cd19
0000000100001011
0000000000001011
3518089adcb1d5454911d6fdbccbfe499d3faf39f4a091f9ecca65af6614f3d1
0000001000001011
0000001100001011
6a09e667bb67ae853c6ef372a54ff53a510e527f9b05688c1f83d9ab5be0cd19
0000000100001011
0000000000001011
3518089adcb1d5454911d6fdbccbfe499d3faf39f4a091f9ecca65af6614f3d1
0000001000001011
0000001100001011
6a09e667bb67ae853c6ef372a54ff53a510e527f9b05688c1f83d9ab5be0cd19
0000000100001011
0000000000001011
3518089adcb1d5454911d6fdbccbfe499d3faf39f4a091f9ecca65af6614f3d1
0000001000001011
0000001100001011
6a09e667bb67ae853c6ef372a54ff53a510e527f9b05688c1f83d9ab5be0cd19
0000000100001011
0000000000001011
3518089adcb1d5454911d6fdbccbfe499d3faf39f4a091f9ecca65af6614f3d1
0000001000001011
0000001100001011
6a09e667bb67ae853c6ef372a54ff53a510e527f9b05688c1f83d9ab5be0cd19
0000000100001011
0000000000001011
3518089adcb1d5454911d6fdbccbfe499d3faf39f4a091f9ecca65af6614f3d1
0000001000001011
0000001100001011
6a09e667bb67ae853c6ef372a54ff53a510e527f9b05688c1f83d9ab5be0cd19
0000000100001011
0000000000001011
3518089adcb1d5454911d6fdbccbfe499d3faf39f4a091f9ecca65af6614f3d1
0000001000001011
0000001100001011
6a09e667bb67ae853c6ef372a54ff53a510e527f9b05688c1f83d9ab5be0cd19
0000000100001011
0000000000001011
3518089adcb1d5454911d6fdbccbfe499d3faf39f4a091f9ecca65af6614f3d1
0000001000001011
0000001100001011
6a09e667bb67ae853c6ef372a54ff53a510e527f9b05688c1f83d9ab5be0cd19
0000000100001011
0000000000001011
3518089adcb1d5454911d6fdbccbfe499d3faf39f4a091f9ecca65af6614f3d1
0000001000001011
0000001100001011
6a09e667bb67ae853c6ef372a54ff53a510e527f9b05688c1f83d9ab5be0cd19
0000000100001011
0000000000001011
3518089adcb1d5454911d6fdbccbfe499d3faf39f4a091f9ecca65af6614f3d1
0000001000001011
0000001100001011
6a09e667bb67ae853c6ef372a54ff53a510e527f9b05688c1f83d9ab5be0cd19
0000000100001011
0000000000001011
3518089adcb1d5454911d6fdbccbfe499d3faf39f4a091f9ecca65af6614f3d1
0000001000001011
0000001100001011
6a09e667bb67ae853c6ef372a54ff53a510e527f9b05688c1f83d9ab5be0cd19
0000000100001011
0000000000001011
3518089adcb1d5454911d6fdbccbfe499d3faf39f4a091f9ecca65af6614f3d1
0000001000001011
0000001100001011
6a09e667bb67ae853c6ef372a54ff53a510e527f9b05688c1f83d9ab5be0cd19
0000000100001011
0000000000001011
3518089adcb1d5454911d6fdbccbfe499d3faf39f4a091f9ecca65af6614f3d1
0000001000001011
0000001100001011
6a09e667bb67ae853c6ef372a54ff53a510e527f9b05688c1f83d9ab5be0cd19
0000000100001011
0000000000001011
3518089adcb1d5454911d6fdbccbfe499d3faf39f4a091f9ecca65af6614f3d1
0000001000001011
0000001100001011
6a09e667bb67ae853c6ef372a54ff53a510e527f9b05688c1f83d9ab5be0cd19
0000000100001011
0000000000001011
3518089adcb1d5454911d6fdbccbfe499d3faf39f4a091f9ecca65af6614f3d1
0000001000001011
0000001100001011
6a09e667bb67ae853c6ef372a54ff53a510e527f9b05688c1f83d9ab5be0cd19
0000000100001011
0000000000001011
3518089adcb1d5454911d6fdbccbfe499d3faf39f4a091f9ecca65af6614f3d1
0000001000001011
0000001100001011
6a09e667bb67ae853c6ef372a54ff53a510e527f9b05688c1f83d9ab5be0cd19
0000000100001011
0000000000001011
3518089adcb1d5454911d6fdbccbfe499d3faf39f4a091f9ecca65af6614f3d1
0000001000001011
0000001100001011
6a09e667bb67ae853c6ef372a54ff53a510e527f9b05688c1f83d9ab5be0cd19
0000000100001011
0000000000001011
3518089adcb1d5454911d6fdbccbfe499d3faf39f4a091f9ecca65af6614f3d1
0000001000001011
0000001100001011
6a09e667bb67ae853c6ef372a54ff53a510e527f9b05688c1f83d9ab5be0cd19
0000000100001011
0000000000001011
3518089adcb1d5454911d6fdbccbfe499d3faf39f4a091f9ecca65af6614f3d1
0000001000001011
0000001100001011
6a09e667bb67ae853c6ef372a54ff53a510e527f9b05688c1f83d9ab5be0cd19
0000000100001011
0000000000001011
3518089adcb1d5454911d6fdbccbfe499d3faf39f4a091f9ecca65af6614f3d1
0000001000001011
0000001100001011
6a09e667bb67ae853c6ef372a54ff53a510e527f9b05688c1f83d9ab5be0cd19
0000000100001011
0000000000001011
3518089adcb1d5454911d6fdbccbfe499d3faf39f4a091f9ecca65af6614f3d1
0000001000001011
0000001100001011
6a09e667bb67ae853c6ef372a54ff53a510e527f9b05688c1f83d9ab5be0cd19
0000000100001011
0000000000001011
3518089adcb1d5454911d6fdbccbfe499d3faf39f4a091f9ecca65af6614f3d1
0000001000001011
0000001100001011
6a09e667bb67ae853c6ef372a54ff53a510e527f9b05688c1f83d9ab5be0cd19
0000000100001011
0000000000001011
3518089adcb1d5454911d6fdbccbfe499d3faf39f4a091f9ecca65af6614f3d1
0000001000001011
0000001100001011
6a09e667bb67ae853c6ef372a54ff53a510e527f9b05688c1f83d9ab5be0cd19
0000000100001011
0000000000001011
3518089adcb1d5454911d6fdbccbfe499d3faf39f4a091f9ecca65af6614f3d1
0000001000001011
0000001100001011
6a09e667bb67ae853c6ef372a54ff53a510e527f9b05688c1f83d9ab5be0cd19
0000000100001011
0000000000001011
3518089adcb1d5454911d6fdbccbfe499d3faf39f4a091f9ecca65af6614f3d1
0000001000001011
0000001100001011
6a09e667bb67ae853c6ef372a54ff53a510e527f9b05688c1f83d9ab5be0cd19
0000000100001011
0000000000001011
3518089adcb1d5454911d6fdbccbfe499d3faf39f4a091f9ecca65af6614f3d1
0000001000001011
0000001100001011
6a09e667bb67ae853c6ef372a54ff53a510e527f9b05688c1f83d9ab5be0cd19
0000000100001011
0000000000001011
3518089adcb1d5454911d6fdbccbfe499d3faf39f4a091f9ecca65af6614f3d1
0000001000001011
0000001100001011
6a09e667bb67ae853c6ef372a54ff53a510e527f9b05688c1f83d9ab5be0cd19
0000000100001011
0000000000001011
3518089adcb1d5454911d6fdbccbfe499d3faf39f4a091f9ecca65af6614f3d1
0000001000001011
0000001100001011
6a09e667bb67ae853c6ef372a54ff53a510e527f9b05688c1f83d9ab5be0cd19
0000000100001011
0000000000001011
3518089adcb1d5454911d6fdbccbfe499d3faf39f4a091f9ecca65af6614f3d1
0000001000001011
0000001100001011
6a09e667bb67ae853c6ef372a54ff53a510e527f9b05688c1f83d9ab5be0cd19
0000000100001011
0000000000001011
3518089adcb1d5454911d6fdbccbfe499d3faf39f4a091f9ecca65af6614f3d1
0000001000001011
0000001100001011
6a09e667bb67ae853c6ef372a54ff53a510e527f9b05688c1f83d9ab5be0cd19
0000000100001011
0000000000001011
3518089adcb1d5454911d6fdbccbfe499d3faf39f4a091f9ecca65af6614f3d1
0000001000001011
0000001100001011
6a09e667bb67ae853c6ef372a54ff53a510e527f9b05688c1f83d9ab5be0cd19
0000000100001011
0000000000001011
3518089adcb1d5454911d6fdbccbfe499d3faf39f4a091f9ecca65af6614f3d1
0000001000001011
0000001100001011
6a09e667bb67ae853c6ef372a54ff53a510e527f9b05688c1f83d9ab5be0cd19
0000000100001011
0000000000001011
3518089adcb1d5454911d6fdbccbfe499d3faf39f4a091f9ecca65af6614f3d1
0000001000001011
0000001100001011
6a09e667bb67ae853c6ef372a54ff53a510e527f9b05688c1f83d9ab5be0cd19
0000000100001011
0000000000001011
3518089adcb1d5454911d6fdbccbfe499d3faf39f4a091f9ecca65af6614f3d1
0000001000001011
0000001100001011
6a09e667bb67ae853c6ef372a54ff53a510e527f9b05688c1f83d9ab5be0cd19
0000000100001011
0000000000001011
3518089adcb1d5454911d6fdbccbfe499d3faf39f4a091f9ecca65af6614f3d1
0000001000001011
0000001100001011
6a09e667bb67ae853c6ef372a54ff53a510e527f9b05688c1f83d9ab5be0cd19
0000000100001011
0000000000001011
3518089adcb1d5454911d6fdbccbfe499d3faf39f4a091f9ecca65af6614f3d1
0000001000001011
0000001100001011
6a09e667bb67ae853c6ef372a54ff53a510e527f9b05688c1f83d9ab5be0cd19
0000000100001011
0000000000001011
3518089adcb1d5454911d6fdbccbfe499d3faf39f4a091f9ecca65af6614f3d1
0000001000001011
0000001100001011
6a09e667bb67ae853c6ef372a54ff53a510e527f9b05688c1f83d9ab5be0cd19
0000000100001011
0000000000001011
3518089adcb1d5454911d6fdbccbfe499d3faf39f4a091f9ecca65af6614f3d1
0000001000001011
0000001100001011
6a09e667bb67ae853c6ef372a54ff53a510e527f9b05688c1f83d9ab5be0cd19
0000000100001011
0000000000001011
3518089adcb1d5454911d6fdbccbfe499d3faf39f4a091f9ecca65af6614f3d1
0000001000001011
0000001100001011
6a09e667bb67ae853c6ef372a54ff53a510e527f9b05688c1f83d9ab5be0cd19
0000000100001011
0000000000001011
3518089adcb1d5454911d6fdbccbfe499d3faf39f4a091f9ecca65af6614f3d1
0000001000001011
0000001100001011
6a09e667bb67ae853c6ef372a54ff53a510e527f9b05688c1f83d9ab5be0cd19
0000000100001011
0000000000001011
3518089adcb1d5454911d6fdbccbfe499d3faf39f4a091f9ecca65af6614f3d1
0000001000001011
0000001100001011
6a09e667bb67ae853c6ef372a54ff53a510e527f9b05688c1f83d9ab5be0cd19
0000000100001011
0000000000001011
3518089adcb1d5454911d6fdbccbfe499d3faf39f4a091f9ecca65af6614f3d1
0000001000001011
0000001100001011
6a09e667bb67ae853c6ef372a54ff53a510e527f9b05688c1f83d9ab5be0cd19
0000000100001011
0000000000001011
3518089adcb1d5454911d6fdbccbfe499d3faf39f4a091f9ecca65af6614f3d1
0000001000001011
0000001100001011
6a09e667bb67ae853c6ef372a54ff53a510e527f9b05688c1f83d9ab5be0cd19
0000000100001011
0000000000001011
3518089adcb1d5454911d6fdbccbfe499d3faf39f4a091f9ecca65af6614f3d1
0000001000001011
0000001100001011
6a09e667bb67ae853c6ef372a54ff53a510e527f9b05688c1f83d9ab5be0cd19
0000000100001011
0000000000001011
3518089adcb1d5454911d6fdbccbfe499d3faf39f4a091f9ecca65af6614f3d1
0000001000001011
0000001100001011
6a09e667bb67ae853c6ef372a54ff53a510e527f9b05688c1f83d9ab5be0cd19
0000000100001011
0000000000001011
3518089adcb1d5454911d6fdbccbfe499d3faf39f4a091f9ecca65af6614f3d1
0000001000001011
0000001100001011
6a09e667bb67ae853c6ef372a54ff53a510e527f9b05688c1f83d9ab5be0cd19
0000000100001011
0000000000001011
3518089adcb1d5454911d6fdbccbfe499d3faf39f4a091f9ecca65af6614f3d1
0000001000001011
0000001100001011
6a09e667bb67ae853c6ef372a54ff53a510e527f9b05688c1f83d9ab5be0cd19
0000000100001011
0000000000001011
3518089adcb1d5454911d6fdbccbfe499d3faf39f4a091f9ecca65af6614f3d1
0000001000001011
0000001100001011
6a09e667bb67ae853c6ef372a54ff53a510e527f9b05688c1f83d9ab5be0cd19
0000000100001011
0000000000001011
3518089adcb1d5454911d6fdbccbfe499d3faf39f4a091f9ecca65af6614f3d1
0000001000001011
0000001100001011
6a09e667bb67ae853c6ef372a54ff53a510e527f9b05688c1f83d9ab5be0cd19
0000000100001011
0000000000001011
3518089adcb1d5454911d6fdbccbfe499d3faf39f4a091f9ecca65af6614f3d1
0000001000001011
0000001100001011
6a09e667bb67ae853c6ef372a54ff53a510e527f9b05688c1f83d9ab5be0cd19
0000000100001011
0000000000001011
3518089adcb1d5454911d6fdbccbfe499d3faf39f4a091f9ecca65af6614f3d1
0000001000001011
0000001100001011
6a09e667bb67ae853c6ef372a54ff53a510e527f9b05688c1f83d9ab5be0cd19
0000000100001011
0000000000001011
3518089adcb1d5454911d6fdbccbfe499d3faf39f4a091f9ecca65af6614f3d1
0000001000001011
0000001100001011
6a09e667bb67ae853c6ef372a54ff53a510e527f9b05688c1f83d9ab5be0cd19
0000000100001011
0000000000001011
3518089adcb1d5454911d6fdbccbfe499d3faf39f4a091f9ecca65af6614f3d1
0000001000001011
0000001100001011
6a09e667bb67ae853c6ef372a54ff53a510e527f9b05688c1f83d9ab5be0cd19
0000000100001011
0000000000001011
3518089adcb1d5454911d6fdbccbfe499d3faf39f4a091f9ecca65af6614f3d1
0000001000001011
0000001100001011
6a09e667bb67ae853c6ef372a54ff53a510e527f9b05688c1f83d9ab5be0cd19
0000000100001011
0000000000001011
3518089adcb1d5454911d6fdbccbfe499d3faf39f4a091f9ecca65af6614f3d1
0000001000001011
0000001100001011
6a09e667bb67ae853c6ef372a54ff53a510e527f9b05688c1f83d9ab5be0cd19
0000000100001011
0000000000001011
3518089adcb1d5454911d6fdbccbfe499d3faf39f4a091f9ecca65af6614f3d1
0000001000001011
0000001100001011
6a09e667bb67ae853c6ef372a54ff53a510e527f9b05688c1f83d9ab5be0cd19
0000000100001011
0000000000001011
3518089adcb1d5454911d6fdbccbfe499d3faf39f4a091f9ecca65af6614f3d1
0000001000001011
0000001100001011
6a09e667bb67ae853c6ef372a54ff53a510e527f9b05688c1f83d9ab5be0cd19
0000000100001011
0000000000001011
3518089adcb1d5454911d6fdbccbfe499d3faf39f4a091f9ecca65af6614f3d1
0000001000001011
0000001100001011
6a09e667bb67ae853c6ef372a54ff53a510e527f9b05688c1f83d9ab5be0cd19
0000000100001011
0000000000001011
3518089adcb1d5454911d6fdbccbfe499d3faf39f4a091f9ecca65af6614f3d1
0000001000001011
0000001100001011
6a09e667bb67ae853c6ef372a54ff53a510e527f9b05688c1f83d9ab5be0cd19
0000000100001011
0000000000001011
3518089adcb1d5454911d6fdbccbfe499d3faf39f4a091f9ecca65af6614f3d1
0000001000001011
0000001100001011
6a09e667bb67ae853c6ef372a54ff53a510e527f9b05688c1f83d9ab5be0cd19
0000000100001011
0000000000001011
3518089adcb1d5454911d6fdbccbfe499d3faf39f4a091f9ecca65af6614f3d1
0000001000001011
0000001100001011
6a09e667bb67ae853c6ef372a54ff53a510e527f9b05688c1f83d9ab5be0cd19
0000000100001011
0000000000001011
3518089adcb1d5454911d6fdbccbfe499d3faf39f4a091f9ecca65af6614f3d1
0000001000001011
0000001100001011
6a09e667bb67ae853c6ef372a54ff53a510e527f9b05688c1f83d9ab5be0cd19
0000000100001011
0000000000001011
3518089adcb1d5454911d6fdbccbfe499d3faf39f4a091f9ecca65af6614f3d1
0000001000001011
0000001100001011
6a09e667bb67ae853c6ef372a54ff53a510e527f9b05688c1f83d9ab5be0cd19
0000000100001011
0000000000001011
3518089adcb1d5454911d6fdbccbfe499d3faf39f4a091f9ecca65af6614f3d1
0000001000001011
0000001100001011
6a09e667bb67ae853c6ef372a54ff53a510e527f9b05688c1f83d9ab5be0cd19
0000000100001011
0000000000001011
3518089adcb1d5454911d6fdbccbfe499d3faf39f4a091f9ecca65af6614f3d1
0000001000001011
0000001100001011
6a09e667bb67ae853c6ef372a54ff53a510e527f9b05688c1f83d9ab5be0cd19
0000000100001011
0000000000001011
3518089adcb1d5454911d6fdbccbfe499d3faf39f4a091f9ecca65af6614f3d1
0000001000001011
0000001100001011
6a09e667bb67ae853c6ef372a54ff53a510e527f9b05688c1f83d9ab5be0cd19
0000000100001011
0000000000001011
3518089adcb1d5454911d6fdbccbfe499d3faf39f4a091f9ecca65af6614f3d1
0000001000001011
0000001100001011
6a09e667bb67ae853c6ef372a54ff53a510e527f9b05688c1f83d9ab5be0cd19
0000000100001011
0000000000001011
3518089adcb1d5454911d6fdbccbfe499d3faf39f4a091f9ecca65af6614f3d1
0000001000001011
0000001100001011
6a09e667bb67ae853c6ef372a54ff53a510e527f9b05688c1f83d9ab5be0cd19
0000000100001011
0000000000001011
3518089adcb1d5454911d6fdbccbfe499d3faf39f4a091f9ecca65af6614f3d1
0000001000001011
0000001100001011
6a09e667bb67ae853c6ef372a54ff53a510e527f9b05688c1f83d9ab5be0cd19
0000000100001011
0000000000001011
3518089adcb1d5454911d6fdbccbfe499d3faf39f4a091f9ecca65af6614f3d1
0000001000001011
0000001100001011
6a09e667bb67ae853c6ef372a54ff53a510e527f9b05688c1f83d9ab5be0cd19
0000000100001011
0000000000001011
3518089adcb1d5454911d6fdbccbfe499d3faf39f4a091f9ecca65af6614f3d1
0000001000001011
0000001100001011
6a09e667bb67ae853c6ef372a54ff53a510e527f9b05688c1f83d9ab5be0cd19
0000000100001011
0000000000001011
3518089adcb1d5454911d6fdbccbfe499d3faf39f4a091f9ecca65af6614f3d1
0000001000001011
0000001100001011
6a09e667bb67ae853c6ef372a54ff53a510e527f9b05688c1f83d9ab5be0cd19
0000000100001011
0000000000001011
3518089adcb1d5454911d6fdbccbfe499d3faf39f4a091f9ecca65af6614f3d1
0000001000001011
0000001100001011
6a09e667bb67ae853c6ef372a54ff53a510e527f9b05688c1f83d9ab5be0cd19
0000000100001011
0000000000001011
3518089adcb1d5454911d6fdbccbfe499d3faf39f4a091f9ecca65af6614f3d1
0000001000001011
0000001100001011
6a09e667bb67ae853c6ef372a54ff53a510e527f9b05688c1f83d9ab5be0cd19
0000000100001011
0000000000001011
3518089adcb1d5454911d6fdbccbfe499d3faf39f4a091f9ecca65af6614f3d1
0000001000001011
0000001100001011
6a09e667bb67ae853c6ef372a54ff53a510e527f9b05688c1f83d9ab5be0cd19
0000000100001011
0000000000001011
3518089adcb1d5454911d6fdbccbfe499d3faf39f4a091f9ecca65af6614f3d1
0000001000001011
0000001100001011
6a09e667bb67ae853c6ef372a54ff53a510e527f9b05688c1f83d9ab5be0cd19
0000000100001011
0000000000001011
3518089adcb1d5454911d6fdbccbfe499d3faf39f4a091f9ecca65af6614f3d1
0000001000001011
0000001100001011
6a09e667bb67ae853c6ef372a54ff53a510e527f9b05688c1f83d9ab5be0cd19
0000000100001011
0000000000001011
3518089adcb1d5454911d6fdbccbfe499d3faf39f4a091f9ecca65af6614f3d1
0000001000001011
0000001100001011
6a09e667bb67ae853c6ef372a54ff53a510e527f9b05688c1f83d9ab5be0cd19
0000000100001011
0000000000001011
3518089adcb1d5454911d6fdbccbfe499d3faf39f4a091f9ecca65af6614f3d1
0000001000001011
0000001100001011
6a09e667bb67ae853c6ef372a54ff53a510e527f9b05688c1f83d9ab5be0cd19
0000000100001011
0000000000001011
3518089adcb1d5454911d6fdbccbfe499d3faf39f4a091f9ecca65af6614f3d1
0000001000001011
0000001100001011
6a09e667bb67ae853c6ef372a54ff53a510e527f9b05688c1f83d9ab5be0cd19
0000000100001011
0000000000001011
3518089adcb1d5454911d6fdbccbfe499d3faf39f4a091f9ecca65af6614f3d1
0000001000001011
0000001100001011
6a09e667bb67ae853c6ef372a54ff53a510e527f9b05688c1f83d9ab5be0cd19
0000000100001011
0000000000001011
3518089adcb1d5454911d6fdbccbfe499d3faf39f4a091f9ecca65af6614f3d1
0000001000001011
0000001100001011
6a09e667bb67ae853c6ef372a54ff53a510e527f9b05688c1f83d9ab5be0cd19
0000000100001011
0000000000001011
3518089adcb1d5454911d6fdbccbfe499d3faf39f4a091f9ecca65af6614f3d1
0000001000001011
0000001100001011
6a09e667bb67ae853c6ef372a54ff53a510e527f9b05688c1f83d9ab5be0cd19
0000000100001011
0000000000001011
3518089adcb1d5454911d6fdbccbfe499d3faf39f4a091f9ecca65af6614f3d1
0000001000001011
0000001100001011
6a09e667bb67ae853c6ef372a54ff53a510e527f9b05688c1f83d9ab5be0cd19
0000000100001011
0000000000001011
3518089adcb1d5454911d6fdbccbfe499d3faf39f4a091f9ecca65af6614f3d1
0000001000001011
0000001100001011
6a09e667bb67ae853c6ef372a54ff53a510e527f9b05688c1f83d9ab5be0cd19
0000000100001011
0000000000001011
3518089adcb1d5454911d6fdbccbfe499d3faf39f4a091f9ecca65af6614f3d1
0000001000001011
0000001100001011
6a09e667bb67ae853c6ef372a54ff53a510e527f9b05688c1f83d9ab5be0cd19
0000000100001011
0000000000001011
3518089adcb1d5454911d6fdbccbfe499d3faf39f4a091f9ecca65af6614f3d1
0000001000001011
0000001100001011
6a09e667bb67ae853c6ef372a54ff53a510e527f9b05688c1f83d9ab5be0cd19
0000000100001011
0000000000001011
3518089adcb1d5454911d6fdbccbfe499d3faf39f4a091f9ecca65af6614f3d1
0000001000001011
0000001100001011
6a09e667bb67ae853c6ef372a54ff53a510e527f9b05688c1f83d9ab5be0cd19
0000000100001011
0000000000001011
3518089adcb1d5454911d6fdbccbfe499d3faf39f4a091f9ecca65af6614f3d1
0000001000001011
0000001100001011
6a09e667bb67ae853c6ef372a54ff53a510e527f9b05688c1f83d9ab5be0cd19
0000000100001011
0000000000001011
3518089adcb1d5454911d6fdbccbfe499d3faf39f4a091f9ecca65af6614f3d1
0000001000001011
0000001100001011
6a09e667bb67ae853c6ef372a54ff53a510e527f9b05688c1f83d9ab5be0cd19
0000000100001011
0000000000001011
3518089adcb1d5454911d6fdbccbfe499d3faf39f4a091f9ecca65af6614f3d1
0000001000001011
0000001100001011
6a09e667bb67ae853c6ef372a54ff53a510e527f9b05688c1f83d9ab5be0cd19
0000000100001011
0000000000001011
3518089adcb1d5454911d6fdbccbfe499d3faf39f4a091f9ecca65af6614f3d1
0000001000001011
0000001100001011
6a09e667bb67ae853c6ef372a54ff53a510e527f9b05688c1f83d9ab5be0cd19
0000000100001011
0000000000001011
3518089adcb1d5454911d6fdbccbfe499d3faf39f4a091f9ecca65af6614f3d1
0000001000001011
0000001100001011
6a09e667bb67ae853c6ef372a54ff53a510e527f9b05688c1f83d9ab5be0cd19
0000000100001011
0000000000001011
3518089adcb1d5454911d6fdbccbfe499d3faf39f4a091f9ecca65af6614f3d1
0000001000001011
0000001100001011
6a09e667bb67ae853c6ef372a54ff53a510e527f9b05688c1f83d9ab5be0cd19
0000000100001011
0000000000001011
3518089adcb1d5454911d6fdbccbfe499d3faf39f4a091f9ecca65af6614f3d1
0000001000001011
0000001100001011
6a09e667bb67ae853c6ef372a54ff53a510e527f9b05688c1f83d9ab5be0cd19
0000000100001011
0000000000001011
3518089adcb1d5454911d6fdbccbfe499d3faf39f4a091f9ecca65af6614f3d1
0000001000001011
0000001100001011
6a09e667bb67ae853c6ef372a54ff53a510e527f9b05688c1f83d9ab5be0cd19
0000000100001011
0000000000001011
3518089adcb1d5454911d6fdbccbfe499d3faf39f4a091f9ecca65af6614f3d1
0000001000001011
0000001100001011
6a09e667bb67ae853c6ef372a54ff53a510e527f9b05688c1f83d9ab5be0cd19
0000000100001011
0000000000001011
3518089adcb1d5454911d6fdbccbfe499d3faf39f4a091f9ecca65af6614f3d1
0000001000001011
0000001100001011
6a09e667bb67ae853c6ef372a54ff53a510e527f9b05688c1f83d9ab5be0cd19
0000000100001011
0000000000001011
3518089adcb1d5454911d6fdbccbfe499d3faf39f4a091f9ecca65af6614f3d1
0000001000001011
0000001100001011
6a09e667bb67ae853c6ef372a54ff53a510e527f9b05688c1f83d9ab5be0cd19
0000000100001011
0000000000001011
3518089adcb1d5454911d6fdbccbfe499d3faf39f4a091f9ecca65af6614f3d1
0000001000001011
0000001100001011
6a09e667bb67ae853c6ef372a54ff53a510e527f9b05688c1f83d9ab5be0cd19
0000000100001011
0000000000001011
3518089adcb1d5454911d6fdbccbfe499d3faf39f4a091f9ecca65af6614f3d1
0000001000001011
0000001100001011
6a09e667bb67ae853c6ef372a54ff53a510e527f9b05688c1f83d9ab5be0cd19
0000000100001011
0000000000001011
3518089adcb1d5454911d6fdbccbfe499d3faf39f4a091f9ecca65af6614f3d1
0000001000001011
0000001100001011
6a09e667bb67ae853c6ef372a54ff53a510e527f9b05688c1f83d9ab5be0cd19
0000000100001011
0000000000001011
3518089adcb1d5454911d6fdbccbfe499d3faf39f4a091f9ecca65af6614f3d1
0000001000001011
0000001100001011
6a09e667bb67ae853c6ef372a54ff53a510e527f9b05688c1f83d9ab5be0cd19
0000000100001011
0000000000001011
3518089adcb1d5454911d6fdbccbfe499d3faf39f4a091f9ecca65af6614f3d1
0000001000001011
0000001100001011
6a09e667bb67ae853c6ef372a54ff53a510e527f9b05688c1f83d9ab5be0cd19
0000000100001011
0000000000001011
3518089adcb1d5454911d6fdbccbfe499d3faf39f4a091f9ecca65af6614f3d1
0000001000001011
0000001100001011
6a09e667bb67ae853c6ef372a54ff53a510e527f9b05688c1f83d9ab5be0cd19
0000000100001011
0000000000001011
3518089adcb1d5454911d6fdbccbfe499d3faf39f4a091f9ecca65af6614f3d1
0000001000001011
0000001100001011
6a09e667bb67ae853c6ef372a54ff53a510e527f9b05688c1f83d9ab5be0cd19
0000000100001011
0000000000001011
3518089adcb1d5454911d6fdbccbfe499d3faf39f4a091f9ecca65af6614f3d1
0000001000001011
0000001100001011
6a09e667bb67ae853c6ef372a54ff53a510e527f9b05688c1f83d9ab5be0cd19
0000000100001011
0000000000001011
3518089adcb1d5454911d6fdbccbfe499d3faf39f4a091f9ecca65af6614f3d1
0000001000001011
0000001100001011
6a09e667bb67ae853c6ef372a54ff53a510e527f9b05688c1f83d9ab5be0cd19
0000000100001011
0000000000001011
3518089adcb1d5454911d6fdbccbfe499d3faf39f4a091f9ecca65af6614f3d1
0000001000001011
0000001100001011
6a09e667bb67ae853c6ef372a54ff53a510e527f9b05688c1f83d9ab5be0cd19
0000000100001011
0000000000001011
3518089adcb1d5454911d6fdbccbfe499d3faf39f4a091f9ecca65af6614f3d1
0000001000001011
0000001100001011
6a09e667bb67ae853c6ef372a54ff53a510e527f9b05688c1f83d9ab5be0cd19
0000000100001011
0000000000001011
3518089adcb1d5454911d6fdbccbfe499d3faf39f4a091f9ecca65af6614f3d1
0000001000001011
0000001100001011
6a09e667bb67ae853c6ef372a54ff53a510e527f9b05688c1f83d9ab5be0cd19
0000000100001011
0000000000001011
3518089adcb1d5454911d6fdbccbfe499d3faf39f4a091f9ecca65af6614f3d1
0000001000001011
0000001100001011
6a09e667bb67ae853c6ef372a54ff53a510e527f9b05688c1f83d9ab5be0cd19
0000000100001011
0000000000001011
3518089adcb1d5454911d6fdbccbfe499d3faf39f4a091f9ecca65af6614f3d1
0000001000001011
0000001100001011
6a09e667bb67ae853c6ef372a54ff53a510e527f9b05688c1f83d9ab5be0cd19
0000000100001011
0000000000001011
3518089adcb1d5454911d6fdbccbfe499d3faf39f4a091f9ecca65af6614f3d1
0000001000001011
0000001100001011
6a09e667bb67ae853c6ef372a54ff53a510e527f9b05688c1f83d9ab5be0cd19
0000000100001011
0000000000001011
3518089adcb1d5454911d6fdbccbfe499d3faf39f4a091f9ecca65af6614f3d1
0000001000001011
0000001100001011
6a09e667bb67ae853c6ef372a54ff53a510e527f9b05688c1f83d9ab5be0cd19
0000000100001011
0000000000001011
3518089adcb1d5454911d6fdbccbfe499d3faf39f4a091f9ecca65af6614f3d1
0000001000001011
0000001100001011
6a09e667bb67ae853c6ef372a54ff53a510e527f9b05688c1f83d9ab5be0cd19
0000000100001011
0000000000001011
3518089adcb1d5454911d6fdbccbfe499d3faf39f4a091f9ecca65af6614f3d1
0000001000001011
0000001100001011
6a09e667bb67ae853c6ef372a54ff53a510e527f9b05688c1f83d9ab5be0cd19
0000000100001011
0000000000001011
3518089adcb1d5454911d6fdbccbfe499d3faf39f4a091f9ecca65af6614f3d1
0000001000001011
0000001100001011
6a09e667bb67ae853c6ef372a54ff53a510e527f9b05688c1f83d9ab5be0cd19
0000000100001011
0000000000001011
3518089adcb1d5454911d6fdbccbfe499d3faf39f4a091f9ecca65af6614f3d1
0000001000001011
0000001100001011
6a09e667bb67ae853c6ef372a54ff53a510e527f9b05688c1f83d9ab5be0cd19
0000000100001011
0000000000001011
3518089adcb1d5454911d6fdbccbfe499d3faf39f4a091f9ecca65af6614f3d1
0000001000001011
0000001100001011
6a09e667bb67ae853c6ef372a54ff53a510e527f9b05688c1f83d9ab5be0cd19
0000000100001011
0000000000001011
3518089adcb1d5454911d6fdbccbfe499d3faf39f4a091f9ecca65af6614f3d1
0000001000001011
0000001100001011
6a09e667bb67ae853c6ef372a54ff53a510e527f9b05688c1f83d9ab5be0cd19
0000000100001011
0000000000001011
3518089adcb1d5454911d6fdbccbfe499d3faf39f4a091f9ecca65af6614f3d1
0000001000001011
0000001100001011
6a09e667bb67ae853c6ef372a54ff53a510e527f9b05688c1f83d9ab5be0cd19
0000000100001011
0000000000001011
3518089adcb1d5454911d6fdbccbfe499d3faf39f4a091f9ecca65af6614f3d1
0000001000001011
0000001100001011
6a09e667bb67ae853c6ef372a54ff53a510e527f9b05688c1f83d9ab5be0cd19
0000000100001011
0000000000001011
3518089adcb1d5454911d6fdbccbfe499d3faf39f4a091f9ecca65af6614f3d1
0000001000001011
0000001100001011
6a09e667bb67ae853c6ef372a54ff53a510e527f9b05688c1f83d9ab5be0cd19
0000000100001011
0000000000001011
3518089adcb1d5454911d6fdbccbfe499d3faf39f4a091f9ecca65af6614f3d1
0000001000001011
0000001100001011
6a09e667bb67ae853c6ef372a54ff53a510e527f9b05688c1f83d9ab5be0cd19
0000000100001011
0000000000001011
3518089adcb1d5454911d6fdbccbfe499d3faf39f4a091f9ecca65af6614f3d1
0000001000001011
0000001100001011
6a09e667bb67ae853c6ef372a54ff53a510e527f9b05688c1f83d9ab5be0cd19
0000000100001011
0000000000001011
3518089adcb1d5454911d6fdbccbfe499d3faf39f4a091f9ecca65af6614f3d1
0000001000001011
0000001100001011
6a09e667bb67ae853c6ef372a54ff53a510e527f9b05688c1f83d9ab5be0cd19
0000000100001011
0000000000001011
3518089adcb1d5454911d6fdbccbfe499d3faf39f4a091f9ecca65af6614f3d1
0000001000001011
0000001100001011
6a09e667bb67ae853c6ef372a54ff53a510e527f9b05688c1f83d9ab5be0cd19
0000000100001011
0000000000001011
3518089adcb1d5454911d6fdbccbfe499d3faf39f4a091f9ecca65af6614f3d1
0000001000001011
0000001100001011
6a09e667bb67ae853c6ef372a54ff53a510e527f9b05688c1f83d9ab5be0cd19
0000000100001011
0000000000001011
3518089adcb1d5454911d6fdbccbfe499d3faf39f4a091f9ecca65af6614f3d1
0000001000001011
0000001100001011
6a09e667bb67ae853c6ef372a54ff53a510e527f9b05688c1f83d9ab5be0cd19
0000000100001011
0000000000001011
3518089adcb1d5454911d6fdbccbfe499d3faf39f4a091f9ecca65af6614f3d1
0000001000001011
0000001100001011
6a09e667bb67ae853c6ef372a54ff53a510e527f9b05688c1f83d9ab5be0cd19
0000000100001011
0000000000001011
3518089adcb1d5454911d6fdbccbfe499d3faf39f4a091f9ecca65af6614f3d1
0000001000001011
0000001100001011
6a09e667bb67ae853c6ef372a54ff53a510e527f9b05688c1f83d9ab5be0cd19
0000000100001011
0000000000001011
3518089adcb1d5454911d6fdbccbfe499d3faf39f4a091f9ecca65af6614f3d1
0000001000001011
0000001100001011
6a09e667bb67ae853c6ef372a54ff53a510e527f9b05688c1f83d9ab5be0cd19
0000000100001011
0000000000001011
3518089adcb1d5454911d6fdbccbfe499d3faf39f4a091f9ecca65af6614f3d1
0000001000001011
0000001100001011
6a09e667bb67ae853c6ef372a54ff53a510e527f9b05688c1f83d9ab5be0cd19
0000000100001011
0000000000001011
3518089adcb1d5454911d6fdbccbfe499d3faf39f4a091f9ecca65af6614f3d1
0000001000001011
0000001100001011
6a09e667bb67ae853c6ef372a54ff53a510e527f9b05688c1f83d9ab5be0cd19
0000000100001011
0000000000001011
3518089adcb1d5454911d6fdbccbfe499d3faf39f4a091f9ecca65af6614f3d1
0000001000001011
0000001100001011
6a09e667bb67ae853c6ef372a54ff53a510e527f9b05688c1f83d9ab5be0cd19
0000000100001011
0000000000001011
3518089adcb1d5454911d6fdbccbfe499d3faf39f4a091f9ecca65af6614f3d1
0000001000001011
0000001100001011
6a09e667bb67ae853c6ef372a54ff53a510e527f9b05688c1f83d9ab5be0cd19
0000000100001011
0000000000001011
3518089adcb1d5454911d6fdbccbfe499d3faf39f4a091f9ecca65af6614f3d1
0000001000001011
0000001100001011
6a09e667bb67ae853c6ef372a54ff53a510e527f9b05688c1f83d9ab5be0cd19
0000000100001011
0000000000001011
3518089adcb1d5454911d6fdbccbfe499d3faf39f4a091f9ecca65af6614f3d1
0000001000001011
0000001100001011
6a09e667bb67ae853c6ef372a54ff53a510e527f9b05688c1f83d9ab5be0cd19
0000000100001011
0000000000001011
3518089adcb1d5454911d6fdbccbfe499d3faf39f4a091f9ecca65af6614f3d1
0000001000001011
0000001100001011
6a09e667bb67ae853c6ef372a54ff53a510e527f9b05688c1f83d9ab5be0cd19
0000000100001011
0000000000001011
3518089adcb1d5454911d6fdbccbfe499d3faf39f4a091f9ecca65af6614f3d1
0000001000001011
0000001100001011
6a09e667bb67ae853c6ef372a54ff53a510e527f9b05688c1f83d9ab5be0cd19
0000000100001011
0000000000001011
3518089adcb1d5454911d6fdbccbfe499d3faf39f4a091f9ecca65af6614f3d1
0000001000001011
0000001100001011
6a09e667bb67ae853c6ef372a54ff53a510e527f9b05688c1f83d9ab5be0cd19
0000000100001011
0000000000001011
3518089adcb1d5454911d6fdbccbfe499d3faf39f4a091f9ecca65af6614f3d1
0000001000001011
0000001100001011
6a09e667bb67ae853c6ef372a54ff53a510e527f9b05688c1f83d9ab5be0cd19
0000000100001011
0000000000001011
3518089adcb1d5454911d6fdbccbfe499d3faf39f4a091f9ecca65af6614f3d1
0000001000001011
0000001100001011
6a09e667bb67ae853c6ef372a54ff53a510e527f9b05688c1f83d9ab5be0cd19
0000000100001011
0000000000001011
3518089adcb1d5454911d6fdbccbfe499d3faf39f4a091f9ecca65af6614f3d1
0000001000001011
0000001100001011
6a09e667bb67ae853c6ef372a54ff53a510e527f9b05688c1f83d9ab5be0cd19
0000000100001011
0000000000001011
3518089adcb1d5454911d6fdbccbfe499d3faf39f4a091f9ecca65af6614f3d1
0000001000001011
0000001100001011
6a09e667bb67ae853c6ef372a54ff53a510e527f9b05688c1f83d9ab5be0cd19
0000000100001011
0000000000001011
3518089adcb1d5454911d6fdbccbfe499d3faf39f4a091f9ecca65af6614f3d1
0000001000001011
0000001100001011
6a09e667bb67ae853c6ef372a54ff53a510e527f9b05688c1f83d9ab5be0cd19
0000000100001011
0000000000001011
3518089adcb1d5454911d6fdbccbfe499d3faf39f4a091f9ecca65af6614f3d1
0000001000001011
0000001100001011
6a09e667bb67ae853c6ef372a54ff53a510e527f9b05688c1f83d9ab5be0cd19
0000000100001011
0000000000001011
3518089adcb1d5454911d6fdbccbfe499d3faf39f4a091f9ecca65af6614f3d1
0000001000001011
0000001100001011
6a09e667bb67ae853c6ef372a54ff53a510e527f9b05688c1f83d9ab5be0cd19
0000000100001011
0000000000001011
3518089adcb1d5454911d6fdbccbfe499d3faf39f4a091f9ecca65af6614f3d1
0000001000001011
0000001100001011
6a09e667bb67ae853c6ef372a54ff53a510e527f9b05688c1f83d9ab5be0cd19
0000000100001011
0000000000001011
3518089adcb1d5454911d6fdbccbfe499d3faf39f4a091f9ecca65af6614f3d1
0000001000001011
0000001100001011
6a09e667bb67ae853c6ef372a54ff53a510e527f9b05688c1f83d9ab5be0cd19
0000000100001011
0000000000001011
3518089adcb1d5454911d6fdbccbfe499d3faf39f4a091f9ecca65af6614f3d1
0000001000001011
0000001100001011
6a09e667bb67ae853c6ef372a54ff53a510e527f9b05688c1f83d9ab5be0cd19
0000000100001011
0000000000001011
3518089adcb1d5454911d6fdbccbfe499d3faf39f4a091f9ecca65af6614f3d1
0000001000001011
0000001100001011
6a09e667bb67ae853c6ef372a54ff53a510e527f9b05688c1f83d9ab5be0cd19
0000000100001011
0000000000001011
3518089adcb1d5454911d6fdbccbfe499d3faf39f4a091f9ecca65af6614f3d1
0000001000001011
0000001100001011
6a09e667bb67ae853c6ef372a54ff53a510e527f9b05688c1f83d9ab5be0cd19
0000000100001011
0000000000001011
3518089adcb1d5454911d6fdbccbfe499d3faf39f4a091f9ecca65af6614f3d1
0000001000001011
0000001100001011
6a09e667bb67ae853c6ef372a54ff53a510e527f9b05688c1f83d9ab5be0cd19
0000000100001011
0000000000001011
3518089adcb1d5454911d6fdbccbfe499d3faf39f4a091f9ecca65af6614f3d1
0000001000001011
0000001100001011
6a09e667bb67ae853c6ef372a54ff53a510e527f9b05688c1f83d9ab5be0cd19
0000000100001011
0000000000001011
3518089adcb1d5454911d6fdbccbfe499d3faf39f4a091f9ecca65af6614f3d1
0000001000001011
0000001100001011
6a09e667bb67ae853c6ef372a54ff53a510e527f9b05688c1f83d9ab5be0cd19
0000000100001011
0000000000001011
3518089adcb1d5454911d6fdbccbfe499d3faf39f4a091f9ecca65af6614f3d1
0000001000001011
0000001100001011
6a09e667bb67ae853c6ef372a54ff53a510e527f9b05688c1f83d9ab5be0cd19
0000000100001011
0000000000001011
Stopped at time : 904415 ns : File "/home/ise/TCC/SMART/bench/verilog/tb_openMSP430_fpga.v" Line 130
# exit 0
