Command line:
   isim.exe
     -simmode  tcl
     -simrunnum  0
     -socket  47701

Mon Oct  8 17:11:14 2018


 Elaboration Time: 0.19 sec

 Current Memory Usage: 186.827 Meg

 Total Signals          : 2188
 Total Nets             : 9504
 Total Signal Drivers   : 1480
 Total Blocks           : 177
 Total Primitive Blocks : 153
 Total Processes        : 1872
 Total Traceable Variables  : 1387
 Total Scalar Nets and Variables : 358688
Total Line Count : 4355

 Total Simulation Time: 68.79 sec

 Current Memory Usage: 267.133 Meg

Mon Oct  8 17:12:28 2018

